<?xml version="1.0" encoding="UTF-8"?>
<testng-results skipped="0" failed="2" total="7" passed="5">
  <reporter-output>
    <line>
      <![CDATA[</br>step 1: open the flipcart homepage]]>
    </line>
    <line>
      <![CDATA[</br>step 2: enter the keyword into searchbox : 'nokia' ]]>
    </line>
    <line>
      <![CDATA[</br>step 3: click on search button ]]>
    </line>
    <line>
      <![CDATA[</br>step 4:  click on price range filter price range : Rs. 10001 - Rs. 18000 ]]>
    </line>
    <line>
      <![CDATA[</br>step 5: click on Brand filter 1]]>
    </line>
    <line>
      <![CDATA[</br>step 6: click on Brand filter 2]]>
    </line>
    <line>
      <![CDATA[</br>step 1:click on login button ]]>
    </line>
    <line>
      <![CDATA[</br>step 2:click on signup button ]]>
    </line>
    <line>
      <![CDATA[</br>step 3:enter the deatil of signup   </br> Email: Krazzyvir@gmail.com  </br> Password : 1028krazzyvir ]]>
    </line>
    <line>
      <![CDATA[</br>step 4:click on signupnow button]]>
    </line>
    <line>
      <![CDATA[<br> <b>Please look to the screenshot - </b>]]>
    </line>
    <line>
      <![CDATA[<br> <b>Please look to the screenshot - </b>]]>
    </line>
  </reporter-output>
  <suite name="flipkart" duration-ms="518158" started-at="2014-04-21T10:58:40Z" finished-at="2014-04-21T11:07:18Z">
    <groups>
    </groups>
    <test name="flipkart_search" duration-ms="518158" started-at="2014-04-21T10:58:40Z" finished-at="2014-04-21T11:07:18Z">
      <class name="com.flipkart.verification.Index">
        <test-method status="PASS" signature="fetchSuiteConfiguration(org.testng.ITestContext)[pri:0, instance:com.flipkart.verification.Index@1dfafd1]" name="fetchSuiteConfiguration" is-config="true" duration-ms="44" started-at="2014-04-21T16:28:40Z" finished-at="2014-04-21T16:28:40Z">
          <params>
            <param index="0">
              <value>
                <![CDATA[org.testng.TestRunner@cf710e]]>
              </value>
            </param>
          </params>
          <reporter-output>
          </reporter-output>
        </test-method> <!-- fetchSuiteConfiguration -->
        <test-method status="PASS" signature="setUp(java.lang.reflect.Method)[pri:0, instance:com.flipkart.verification.Index@1dfafd1]" name="setUp" is-config="true" duration-ms="76690" started-at="2014-04-21T16:28:40Z" finished-at="2014-04-21T16:29:57Z">
          <params>
            <param index="0">
              <value>
                <![CDATA[public void com.flipkart.verification.Index.flipkart_search()]]>
              </value>
            </param>
          </params>
          <reporter-output>
          </reporter-output>
        </test-method> <!-- setUp -->
        <test-method status="PASS" signature="setUp(java.lang.reflect.Method)[pri:0, instance:com.flipkart.verification.Index@1dfafd1]" name="setUp" is-config="true" duration-ms="111638" started-at="2014-04-21T16:28:40Z" finished-at="2014-04-21T16:30:32Z">
          <params>
            <param index="0">
              <value>
                <![CDATA[public void com.flipkart.verification.Index.flipkart_sign()]]>
              </value>
            </param>
          </params>
          <reporter-output>
          </reporter-output>
        </test-method> <!-- setUp -->
        <test-method status="PASS" signature="setUp(java.lang.reflect.Method)[pri:0, instance:com.flipkart.verification.Index@1dfafd1]" name="setUp" is-config="true" duration-ms="62754" started-at="2014-04-21T16:28:40Z" finished-at="2014-04-21T16:29:43Z">
          <params>
            <param index="0">
              <value>
                <![CDATA[public void com.flipkart.verification.Index.test1()]]>
              </value>
            </param>
          </params>
          <reporter-output>
          </reporter-output>
        </test-method> <!-- setUp -->
        <test-method status="PASS" signature="setUp(java.lang.reflect.Method)[pri:0, instance:com.flipkart.verification.Index@1dfafd1]" name="setUp" is-config="true" duration-ms="71455" started-at="2014-04-21T16:28:40Z" finished-at="2014-04-21T16:29:52Z">
          <params>
            <param index="0">
              <value>
                <![CDATA[public void com.flipkart.verification.Index.dataproviderusedemo(java.lang.String)]]>
              </value>
            </param>
          </params>
          <reporter-output>
          </reporter-output>
        </test-method> <!-- setUp -->
        <test-method status="PASS" signature="test1()[pri:0, instance:com.flipkart.verification.Index@1dfafd1]" name="test1" duration-ms="51" started-at="2014-04-21T16:29:43Z" finished-at="2014-04-21T16:29:43Z">
          <reporter-output>
          </reporter-output>
        </test-method> <!-- test1 -->
        <test-method status="PASS" signature="tearDown(org.testng.ITestResult)[pri:0, instance:com.flipkart.verification.Index@1dfafd1]" name="tearDown" is-config="true" duration-ms="48816" started-at="2014-04-21T16:29:43Z" finished-at="2014-04-21T16:30:32Z">
          <params>
            <param index="0">
              <value>
                <![CDATA[[TestResult name=test1 status=SUCCESS method=Index.test1()[pri:0, instance:com.flipkart.verification.Index@1dfafd1] output={null}]]]>
              </value>
            </param>
          </params>
          <reporter-output>
          </reporter-output>
        </test-method> <!-- tearDown -->
        <test-method status="PASS" signature="dataproviderusedemo(java.lang.String)[pri:0, instance:com.flipkart.verification.Index@1dfafd1]" name="dataproviderusedemo" duration-ms="1" started-at="2014-04-21T16:29:52Z" data-provider="dataprovidedemo" finished-at="2014-04-21T16:29:52Z">
          <params>
            <param index="0">
              <value>
                <![CDATA[viral]]>
              </value>
            </param>
          </params>
          <reporter-output>
          </reporter-output>
        </test-method> <!-- dataproviderusedemo -->
        <test-method status="PASS" signature="tearDown(org.testng.ITestResult)[pri:0, instance:com.flipkart.verification.Index@1dfafd1]" name="tearDown" is-config="true" duration-ms="40164" started-at="2014-04-21T16:29:52Z" finished-at="2014-04-21T16:30:32Z">
          <params>
            <param index="0">
              <value>
                <![CDATA[[TestResult name=dataproviderusedemo status=SUCCESS method=Index.dataproviderusedemo(java.lang.String)[pri:0, instance:com.flipkart.verification.Index@1dfafd1] output={null}]]]>
              </value>
            </param>
          </params>
          <reporter-output>
          </reporter-output>
        </test-method> <!-- tearDown -->
        <test-method status="FAIL" signature="flipkart_search()[pri:0, instance:com.flipkart.verification.Index@1dfafd1]" name="flipkart_search" duration-ms="35013" started-at="2014-04-21T16:29:57Z" finished-at="2014-04-21T16:30:32Z">
          <exception class="org.openqa.selenium.UnsupportedCommandException">
            <message>
              <![CDATA[
Command duration or timeout: 1.99 seconds
Build info: version: '2.33.0', revision: '4e90c97', time: '2013-05-22 15:32:38'
System info: os.name: 'Windows Vista', os.arch: 'x86', os.version: '6.2', java.version: '1.6.0_01'
Driver info: org.openqa.selenium.remote.RemoteWebDriver
Capabilities [{platform=XP, acceptSslCerts=true, javascriptEnabled=true, browserName=firefox, rotatable=false, locationContextEnabled=true, webdriver.remote.sessionid=80b5ffa3-cafa-4598-a02c-fcca6c083ebf, version=24.0, cssSelectorsEnabled=true, databaseEnabled=true, handlesAlerts=true, browserConnectionEnabled=true, webStorageEnabled=true, nativeEvents=true, applicationCacheEnabled=true, takesScreenshot=true}]]]>
            </message>
            <full-stacktrace>
              <![CDATA[org.openqa.selenium.UnsupportedCommandException: 
Command duration or timeout: 1.99 seconds
Build info: version: '2.33.0', revision: '4e90c97', time: '2013-05-22 15:32:38'
System info: os.name: 'Windows Vista', os.arch: 'x86', os.version: '6.2', java.version: '1.6.0_01'
Driver info: org.openqa.selenium.remote.RemoteWebDriver
Capabilities [{platform=XP, acceptSslCerts=true, javascriptEnabled=true, browserName=firefox, rotatable=false, locationContextEnabled=true, webdriver.remote.sessionid=80b5ffa3-cafa-4598-a02c-fcca6c083ebf, version=24.0, cssSelectorsEnabled=true, databaseEnabled=true, handlesAlerts=true, browserConnectionEnabled=true, webStorageEnabled=true, nativeEvents=true, applicationCacheEnabled=true, takesScreenshot=true}]
	at sun.reflect.NativeConstructorAccessorImpl.newInstance0(Native Method)
	at sun.reflect.NativeConstructorAccessorImpl.newInstance(NativeConstructorAccessorImpl.java:39)
	at sun.reflect.DelegatingConstructorAccessorImpl.newInstance(DelegatingConstructorAccessorImpl.java:27)
	at java.lang.reflect.Constructor.newInstance(Constructor.java:513)
	at org.openqa.selenium.remote.ErrorHandler.createThrowable(ErrorHandler.java:191)
	at org.openqa.selenium.remote.ErrorHandler.throwIfResponseFailed(ErrorHandler.java:145)
	at org.openqa.selenium.remote.RemoteWebDriver.execute(RemoteWebDriver.java:554)
	at org.openqa.selenium.remote.RemoteWebElement.execute(RemoteWebElement.java:268)
	at org.openqa.selenium.remote.RemoteWebElement.sendKeys(RemoteWebElement.java:89)
	at sun.reflect.NativeMethodAccessorImpl.invoke0(Native Method)
	at sun.reflect.NativeMethodAccessorImpl.invoke(NativeMethodAccessorImpl.java:39)
	at sun.reflect.DelegatingMethodAccessorImpl.invoke(DelegatingMethodAccessorImpl.java:25)
	at java.lang.reflect.Method.invoke(Method.java:597)
	at org.openqa.selenium.support.pagefactory.internal.LocatingElementHandler.invoke(LocatingElementHandler.java:41)
	at $Proxy10.sendKeys(Unknown Source)
	at com.flipkart.page.indexpage.IndexPage.flipkart_search(IndexPage.java:137)
	at com.flipkart.verification.Index.flipkart_search(Index.java:71)
	at sun.reflect.NativeMethodAccessorImpl.invoke0(Native Method)
	at sun.reflect.NativeMethodAccessorImpl.invoke(NativeMethodAccessorImpl.java:39)
	at sun.reflect.DelegatingMethodAccessorImpl.invoke(DelegatingMethodAccessorImpl.java:25)
	at java.lang.reflect.Method.invoke(Method.java:597)
	at org.testng.internal.MethodInvocationHelper.invokeMethod(MethodInvocationHelper.java:84)
	at org.testng.internal.Invoker.invokeMethod(Invoker.java:714)
	at org.testng.internal.Invoker.invokeTestMethod(Invoker.java:901)
	at org.testng.internal.Invoker.invokeTestMethods(Invoker.java:1231)
	at org.testng.internal.TestMethodWorker.invokeTestMethods(TestMethodWorker.java:127)
	at org.testng.internal.TestMethodWorker.run(TestMethodWorker.java:111)
	at java.util.concurrent.ThreadPoolExecutor$Worker.runTask(ThreadPoolExecutor.java:885)
	at java.util.concurrent.ThreadPoolExecutor$Worker.run(ThreadPoolExecutor.java:907)
	at java.lang.Thread.run(Thread.java:619)
]]>
            </full-stacktrace>
          </exception> <!-- org.openqa.selenium.UnsupportedCommandException -->
          <reporter-output>
            <line>
              <![CDATA[</br>step 1: open the flipcart homepage]]>
            </line>
            <line>
              <![CDATA[</br>step 2: enter the keyword into searchbox : 'nokia' ]]>
            </line>
            <line>
              <![CDATA[</br>step 3: click on search button ]]>
            </line>
            <line>
              <![CDATA[</br>step 4:  click on price range filter price range : Rs. 10001 - Rs. 18000 ]]>
            </line>
            <line>
              <![CDATA[</br>step 5: click on Brand filter 1]]>
            </line>
            <line>
              <![CDATA[</br>step 6: click on Brand filter 2]]>
            </line>
            <line>
              <![CDATA[<br> <b>Please look to the screenshot - </b>]]>
            </line>
          </reporter-output>
        </test-method> <!-- flipkart_search -->
        <test-method status="PASS" signature="setUp(java.lang.reflect.Method)[pri:0, instance:com.flipkart.verification.Index@1dfafd1]" name="setUp" is-config="true" duration-ms="43176" started-at="2014-04-21T16:30:32Z" finished-at="2014-04-21T16:31:15Z">
          <params>
            <param index="0">
              <value>
                <![CDATA[public void com.flipkart.verification.Index.dataproviderusedemo(java.lang.String)]]>
              </value>
            </param>
          </params>
          <reporter-output>
          </reporter-output>
        </test-method> <!-- setUp -->
        <test-method status="PASS" signature="setUp(java.lang.reflect.Method)[pri:0, instance:com.flipkart.verification.Index@1dfafd1]" name="setUp" is-config="true" duration-ms="66030" started-at="2014-04-21T16:30:32Z" finished-at="2014-04-21T16:31:38Z">
          <params>
            <param index="0">
              <value>
                <![CDATA[public void com.flipkart.verification.Index.test2()]]>
              </value>
            </param>
          </params>
          <reporter-output>
          </reporter-output>
        </test-method> <!-- setUp -->
        <test-method status="FAIL" signature="flipkart_sign()[pri:0, instance:com.flipkart.verification.Index@1dfafd1]" name="flipkart_sign" duration-ms="5" started-at="2014-04-21T16:30:32Z" finished-at="2014-04-21T16:30:32Z">
          <exception class="org.openqa.selenium.remote.SessionNotFoundException">
            <message>
              <![CDATA[Session ID is null
Build info: version: '2.33.0', revision: '4e90c97', time: '2013-05-22 15:32:38'
System info: os.name: 'Windows Vista', os.arch: 'x86', os.version: '6.2', java.version: '1.6.0_01'
Driver info: driver.version: RemoteWebDriver]]>
            </message>
            <full-stacktrace>
              <![CDATA[org.openqa.selenium.remote.SessionNotFoundException: Session ID is null
Build info: version: '2.33.0', revision: '4e90c97', time: '2013-05-22 15:32:38'
System info: os.name: 'Windows Vista', os.arch: 'x86', os.version: '6.2', java.version: '1.6.0_01'
Driver info: driver.version: RemoteWebDriver
	at org.openqa.selenium.remote.HttpCommandExecutor.execute(HttpCommandExecutor.java:273)
	at org.openqa.selenium.remote.RemoteWebDriver.execute(RemoteWebDriver.java:527)
	at org.openqa.selenium.remote.RemoteWebDriver.findElement(RemoteWebDriver.java:307)
	at org.openqa.selenium.remote.RemoteWebDriver.findElementByXPath(RemoteWebDriver.java:404)
	at org.openqa.selenium.By$ByXPath.findElement(By.java:344)
	at org.openqa.selenium.remote.RemoteWebDriver.findElement(RemoteWebDriver.java:299)
	at org.openqa.selenium.support.pagefactory.DefaultElementLocator.findElement(DefaultElementLocator.java:59)
	at org.openqa.selenium.support.pagefactory.AjaxElementLocator.access$0(AjaxElementLocator.java:1)
	at org.openqa.selenium.support.pagefactory.AjaxElementLocator$SlowLoadingElement.isLoaded(AjaxElementLocator.java:140)
	at org.openqa.selenium.support.ui.SlowLoadableComponent.get(SlowLoadableComponent.java:49)
	at org.openqa.selenium.support.pagefactory.AjaxElementLocator.findElement(AjaxElementLocator.java:70)
	at org.openqa.selenium.support.pagefactory.internal.LocatingElementHandler.invoke(LocatingElementHandler.java:34)
	at $Proxy10.click(Unknown Source)
	at com.flipkart.page.indexpage.IndexPage.flipkart_signup(IndexPage.java:176)
	at com.flipkart.verification.Index.flipkart_sign(Index.java:97)
	at sun.reflect.NativeMethodAccessorImpl.invoke0(Native Method)
	at sun.reflect.NativeMethodAccessorImpl.invoke(NativeMethodAccessorImpl.java:39)
	at sun.reflect.DelegatingMethodAccessorImpl.invoke(DelegatingMethodAccessorImpl.java:25)
	at java.lang.reflect.Method.invoke(Method.java:597)
	at org.testng.internal.MethodInvocationHelper.invokeMethod(MethodInvocationHelper.java:84)
	at org.testng.internal.Invoker.invokeMethod(Invoker.java:714)
	at org.testng.internal.Invoker.invokeTestMethod(Invoker.java:901)
	at org.testng.internal.Invoker.invokeTestMethods(Invoker.java:1231)
	at org.testng.internal.TestMethodWorker.invokeTestMethods(TestMethodWorker.java:127)
	at org.testng.internal.TestMethodWorker.run(TestMethodWorker.java:111)
	at java.util.concurrent.ThreadPoolExecutor$Worker.runTask(ThreadPoolExecutor.java:885)
	at java.util.concurrent.ThreadPoolExecutor$Worker.run(ThreadPoolExecutor.java:907)
	at java.lang.Thread.run(Thread.java:619)
]]>
            </full-stacktrace>
          </exception> <!-- org.openqa.selenium.remote.SessionNotFoundException -->
          <reporter-output>
            <line>
              <![CDATA[</br>step 1:click on login button ]]>
            </line>
            <line>
              <![CDATA[</br>step 2:click on signup button ]]>
            </line>
            <line>
              <![CDATA[</br>step 3:enter the deatil of signup   </br> Email: Krazzyvir@gmail.com  </br> Password : 1028krazzyvir ]]>
            </line>
            <line>
              <![CDATA[</br>step 4:click on signupnow button]]>
            </line>
            <line>
              <![CDATA[<br> <b>Please look to the screenshot - </b>]]>
            </line>
          </reporter-output>
        </test-method> <!-- flipkart_sign -->
        <test-method status="PASS" signature="tearDown(org.testng.ITestResult)[pri:0, instance:com.flipkart.verification.Index@1dfafd1]" name="tearDown" is-config="true" duration-ms="1389" started-at="2014-04-21T16:30:32Z" finished-at="2014-04-21T16:30:33Z">
          <params>
            <param index="0">
              <value>
                <![CDATA[[TestResult name=flipkart_sign status=FAILURE method=Index.flipkart_sign()[pri:0, instance:com.flipkart.verification.Index@1dfafd1] output=</br>step 1:click on login button ]]]>
              </value>
            </param>
          </params>
          <reporter-output>
          </reporter-output>
        </test-method> <!-- tearDown -->
        <test-method status="PASS" signature="tearDown(org.testng.ITestResult)[pri:0, instance:com.flipkart.verification.Index@1dfafd1]" name="tearDown" is-config="true" duration-ms="1331" started-at="2014-04-21T16:30:32Z" finished-at="2014-04-21T16:30:33Z">
          <params>
            <param index="0">
              <value>
                <![CDATA[[TestResult name=flipkart_search status=FAILURE method=Index.flipkart_search()[pri:0, instance:com.flipkart.verification.Index@1dfafd1] output=</br>step 1: open the flipcart homepage]]]>
              </value>
            </param>
          </params>
          <reporter-output>
          </reporter-output>
        </test-method> <!-- tearDown -->
        <test-method status="PASS" signature="dataproviderusedemo(java.lang.String)[pri:0, instance:com.flipkart.verification.Index@1dfafd1]" name="dataproviderusedemo" duration-ms="0" started-at="2014-04-21T16:31:15Z" data-provider="dataprovidedemo" finished-at="2014-04-21T16:31:15Z">
          <params>
            <param index="0">
              <value>
                <![CDATA[mahesh]]>
              </value>
            </param>
          </params>
          <reporter-output>
          </reporter-output>
        </test-method> <!-- dataproviderusedemo -->
        <test-method status="PASS" signature="tearDown(org.testng.ITestResult)[pri:0, instance:com.flipkart.verification.Index@1dfafd1]" name="tearDown" is-config="true" duration-ms="22857" started-at="2014-04-21T16:31:15Z" finished-at="2014-04-21T16:31:38Z">
          <params>
            <param index="0">
              <value>
                <![CDATA[[TestResult name=dataproviderusedemo status=SUCCESS method=Index.dataproviderusedemo(java.lang.String)[pri:0, instance:com.flipkart.verification.Index@1dfafd1] output={null}]]]>
              </value>
            </param>
          </params>
          <reporter-output>
          </reporter-output>
        </test-method> <!-- tearDown -->
        <test-method status="PASS" signature="setUp(java.lang.reflect.Method)[pri:0, instance:com.flipkart.verification.Index@1dfafd1]" name="setUp" is-config="true" duration-ms="338963" started-at="2014-04-21T16:31:38Z" finished-at="2014-04-21T16:37:17Z">
          <params>
            <param index="0">
              <value>
                <![CDATA[public void com.flipkart.verification.Index.dataproviderusedemo(java.lang.String)]]>
              </value>
            </param>
          </params>
          <reporter-output>
          </reporter-output>
        </test-method> <!-- setUp -->
        <test-method status="PASS" signature="test2()[pri:0, instance:com.flipkart.verification.Index@1dfafd1]" name="test2" duration-ms="1" started-at="2014-04-21T16:31:38Z" depends-on-methods="com.flipkart.verification.Index.test1" finished-at="2014-04-21T16:31:38Z">
          <reporter-output>
          </reporter-output>
        </test-method> <!-- test2 -->
        <test-method status="PASS" signature="tearDown(org.testng.ITestResult)[pri:0, instance:com.flipkart.verification.Index@1dfafd1]" name="tearDown" is-config="true" duration-ms="2" started-at="2014-04-21T16:31:38Z" finished-at="2014-04-21T16:31:38Z">
          <params>
            <param index="0">
              <value>
                <![CDATA[[TestResult name=test2 status=SUCCESS method=Index.test2()[pri:0, instance:com.flipkart.verification.Index@1dfafd1] output={null}]]]>
              </value>
            </param>
          </params>
          <reporter-output>
          </reporter-output>
        </test-method> <!-- tearDown -->
        <test-method status="PASS" signature="dataproviderusedemo(java.lang.String)[pri:0, instance:com.flipkart.verification.Index@1dfafd1]" name="dataproviderusedemo" duration-ms="1" started-at="2014-04-21T16:37:17Z" data-provider="dataprovidedemo" finished-at="2014-04-21T16:37:17Z">
          <params>
            <param index="0">
              <value>
                <![CDATA[manoj]]>
              </value>
            </param>
          </params>
          <reporter-output>
          </reporter-output>
        </test-method> <!-- dataproviderusedemo -->
        <test-method status="PASS" signature="tearDown(org.testng.ITestResult)[pri:0, instance:com.flipkart.verification.Index@1dfafd1]" name="tearDown" is-config="true" duration-ms="1422" started-at="2014-04-21T16:37:17Z" finished-at="2014-04-21T16:37:18Z">
          <params>
            <param index="0">
              <value>
                <![CDATA[[TestResult name=dataproviderusedemo status=SUCCESS method=Index.dataproviderusedemo(java.lang.String)[pri:0, instance:com.flipkart.verification.Index@1dfafd1] output={null}]]]>
              </value>
            </param>
          </params>
          <reporter-output>
          </reporter-output>
        </test-method> <!-- tearDown -->
      </class> <!-- com.flipkart.verification.Index -->
    </test> <!-- flipkart_search -->
  </suite> <!-- flipkart -->
</testng-results>
